Questionable use of curly braces in "r7 n011 n010 {rin+}"
    Error: undefined symbol in: "[rin]+"
Questionable use of curly braces in "r9 n005 n004 {rin-}"
    Error: undefined symbol in: "[rin]-"
Questionable use of curly braces in "r11 n019 n004 {rin+}"
    Error: undefined symbol in: "[rin]+"
Questionable use of curly braces in "r12 n014 n010 {rin-}"
    Error: undefined symbol in: "[rin]-"
Questionable use of curly braces in ".model io_dig uio (  drvh=50 drvl=50  inld=0.0pf outld=0.0pf  atod1={}"atod_dig" atod2={}"atod_dig"  atod3={}"atod_dig" atod4={}"atod_dig"  dtoa1={}"dtoa_dig" dtoa2={}"dtoa_dig"  dtoa3={}"dtoa_dig" dtoa4={}"dtoa_dig"  tswhl1=0.5ns tswlh1=0.5ns  tswhl2=0.5ns tswlh2=0.5ns  tswhl3=0.5ns tswlh3=0.5ns  tswhl4=0.5ns tswlh4=0.5ns  digpower={}"dig_fpwr"  )"
    Null string expression
Questionable use of curly braces in ".model io_dig uio (  drvh=50 drvl=50  inld=0.0pf outld=0.0pf  atod1=()"atod_dig" atod2={}"atod_dig"  atod3={}"atod_dig" atod4={}"atod_dig"  dtoa1={}"dtoa_dig" dtoa2={}"dtoa_dig"  dtoa3={}"dtoa_dig" dtoa4={}"dtoa_dig"  tswhl1=0.5ns tswlh1=0.5ns  tswhl2=0.5ns tswlh2=0.5ns  tswhl3=0.5ns tswlh3=0.5ns  tswhl4=0.5ns tswlh4=0.5ns  digpower={}"dig_fpwr"  )"
    Null string expression
Questionable use of curly braces in ".model io_dig uio (  drvh=50 drvl=50  inld=0.0pf outld=0.0pf  atod1=()"atod_dig" atod2=()"atod_dig"  atod3={}"atod_dig" atod4={}"atod_dig"  dtoa1={}"dtoa_dig" dtoa2={}"dtoa_dig"  dtoa3={}"dtoa_dig" dtoa4={}"dtoa_dig"  tswhl1=0.5ns tswlh1=0.5ns  tswhl2=0.5ns tswlh2=0.5ns  tswhl3=0.5ns tswlh3=0.5ns  tswhl4=0.5ns tswlh4=0.5ns  digpower={}"dig_fpwr"  )"
    Null string expression
Questionable use of curly braces in ".model io_dig uio (  drvh=50 drvl=50  inld=0.0pf outld=0.0pf  atod1=()"atod_dig" atod2=()"atod_dig"  atod3=()"atod_dig" atod4={}"atod_dig"  dtoa1={}"dtoa_dig" dtoa2={}"dtoa_dig"  dtoa3={}"dtoa_dig" dtoa4={}"dtoa_dig"  tswhl1=0.5ns tswlh1=0.5ns  tswhl2=0.5ns tswlh2=0.5ns  tswhl3=0.5ns tswlh3=0.5ns  tswhl4=0.5ns tswlh4=0.5ns  digpower={}"dig_fpwr"  )"
    Null string expression
Questionable use of curly braces in ".model io_dig uio (  drvh=50 drvl=50  inld=0.0pf outld=0.0pf  atod1=()"atod_dig" atod2=()"atod_dig"  atod3=()"atod_dig" atod4=()"atod_dig"  dtoa1={}"dtoa_dig" dtoa2={}"dtoa_dig"  dtoa3={}"dtoa_dig" dtoa4={}"dtoa_dig"  tswhl1=0.5ns tswlh1=0.5ns  tswhl2=0.5ns tswlh2=0.5ns  tswhl3=0.5ns tswlh3=0.5ns  tswhl4=0.5ns tswlh4=0.5ns  digpower={}"dig_fpwr"  )"
    Null string expression
Questionable use of curly braces in ".model io_dig uio (  drvh=50 drvl=50  inld=0.0pf outld=0.0pf  atod1=()"atod_dig" atod2=()"atod_dig"  atod3=()"atod_dig" atod4=()"atod_dig"  dtoa1=()"dtoa_dig" dtoa2={}"dtoa_dig"  dtoa3={}"dtoa_dig" dtoa4={}"dtoa_dig"  tswhl1=0.5ns tswlh1=0.5ns  tswhl2=0.5ns tswlh2=0.5ns  tswhl3=0.5ns tswlh3=0.5ns  tswhl4=0.5ns tswlh4=0.5ns  digpower={}"dig_fpwr"  )"
    Null string expression
Questionable use of curly braces in ".model io_dig uio (  drvh=50 drvl=50  inld=0.0pf outld=0.0pf  atod1=()"atod_dig" atod2=()"atod_dig"  atod3=()"atod_dig" atod4=()"atod_dig"  dtoa1=()"dtoa_dig" dtoa2=()"dtoa_dig"  dtoa3={}"dtoa_dig" dtoa4={}"dtoa_dig"  tswhl1=0.5ns tswlh1=0.5ns  tswhl2=0.5ns tswlh2=0.5ns  tswhl3=0.5ns tswlh3=0.5ns  tswhl4=0.5ns tswlh4=0.5ns  digpower={}"dig_fpwr"  )"
    Null string expression
Questionable use of curly braces in ".model io_dig uio (  drvh=50 drvl=50  inld=0.0pf outld=0.0pf  atod1=()"atod_dig" atod2=()"atod_dig"  atod3=()"atod_dig" atod4=()"atod_dig"  dtoa1=()"dtoa_dig" dtoa2=()"dtoa_dig"  dtoa3=()"dtoa_dig" dtoa4={}"dtoa_dig"  tswhl1=0.5ns tswlh1=0.5ns  tswhl2=0.5ns tswlh2=0.5ns  tswhl3=0.5ns tswlh3=0.5ns  tswhl4=0.5ns tswlh4=0.5ns  digpower={}"dig_fpwr"  )"
    Null string expression
Questionable use of curly braces in ".model io_dig uio (  drvh=50 drvl=50  inld=0.0pf outld=0.0pf  atod1=()"atod_dig" atod2=()"atod_dig"  atod3=()"atod_dig" atod4=()"atod_dig"  dtoa1=()"dtoa_dig" dtoa2=()"dtoa_dig"  dtoa3=()"dtoa_dig" dtoa4=()"dtoa_dig"  tswhl1=0.5ns tswlh1=0.5ns  tswhl2=0.5ns tswlh2=0.5ns  tswhl3=0.5ns tswlh3=0.5ns  tswhl4=0.5ns tswlh4=0.5ns  digpower={}"dig_fpwr"  )"
    Null string expression
Questionable use of curly braces in ".model do_dig doutput (  s0name={}"0" s0vlo=-10.0 s0vhi=0.5  s2name={}"1" s2vlo=0.5 s2vhi=10.0  )"
    Null string expression
Questionable use of curly braces in ".model do_dig doutput (  s0name=()"0" s0vlo=-10.0 s0vhi=0.5  s2name={}"1" s2vlo=0.5 s2vhi=10.0  )"
    Null string expression
Questionable use of curly braces in ".model din_dig dinput (  s0name={}"0" s0tsw=1.0ns s0rlo=50 s0rhi=100k  s1name={}"1" s1tsw=1.0ns s1rlo=100k s1rhi=50  s2name={}"x" s2tsw=1.0ns s2rlo=110 s2rhi=100  s3name={}"r" s3tsw=1.0ns s3rlo=110 s3rhi=100  s4name={}"f" s4tsw=1.0ns s4rlo=110 s4rhi=100  s5name={}"z" s5tsw=1.0ns s5rlo=200k s5rhi=200k  )"
    Null string expression
Questionable use of curly braces in ".model din_dig dinput (  s0name=()"0" s0tsw=1.0ns s0rlo=50 s0rhi=100k  s1name={}"1" s1tsw=1.0ns s1rlo=100k s1rhi=50  s2name={}"x" s2tsw=1.0ns s2rlo=110 s2rhi=100  s3name={}"r" s3tsw=1.0ns s3rlo=110 s3rhi=100  s4name={}"f" s4tsw=1.0ns s4rlo=110 s4rhi=100  s5name={}"z" s5tsw=1.0ns s5rlo=200k s5rhi=200k  )"
    Null string expression
Questionable use of curly braces in ".model din_dig dinput (  s0name=()"0" s0tsw=1.0ns s0rlo=50 s0rhi=100k  s1name=()"1" s1tsw=1.0ns s1rlo=100k s1rhi=50  s2name={}"x" s2tsw=1.0ns s2rlo=110 s2rhi=100  s3name={}"r" s3tsw=1.0ns s3rlo=110 s3rhi=100  s4name={}"f" s4tsw=1.0ns s4rlo=110 s4rhi=100  s5name={}"z" s5tsw=1.0ns s5rlo=200k s5rhi=200k  )"
    Null string expression
Questionable use of curly braces in ".model din_dig dinput (  s0name=()"0" s0tsw=1.0ns s0rlo=50 s0rhi=100k  s1name=()"1" s1tsw=1.0ns s1rlo=100k s1rhi=50  s2name=()"x" s2tsw=1.0ns s2rlo=110 s2rhi=100  s3name={}"r" s3tsw=1.0ns s3rlo=110 s3rhi=100  s4name={}"f" s4tsw=1.0ns s4rlo=110 s4rhi=100  s5name={}"z" s5tsw=1.0ns s5rlo=200k s5rhi=200k  )"
    Null string expression
Questionable use of curly braces in ".model din_dig dinput (  s0name=()"0" s0tsw=1.0ns s0rlo=50 s0rhi=100k  s1name=()"1" s1tsw=1.0ns s1rlo=100k s1rhi=50  s2name=()"x" s2tsw=1.0ns s2rlo=110 s2rhi=100  s3name=()"r" s3tsw=1.0ns s3rlo=110 s3rhi=100  s4name={}"f" s4tsw=1.0ns s4rlo=110 s4rhi=100  s5name={}"z" s5tsw=1.0ns s5rlo=200k s5rhi=200k  )"
    Null string expression
Questionable use of curly braces in ".model din_dig dinput (  s0name=()"0" s0tsw=1.0ns s0rlo=50 s0rhi=100k  s1name=()"1" s1tsw=1.0ns s1rlo=100k s1rhi=50  s2name=()"x" s2tsw=1.0ns s2rlo=110 s2rhi=100  s3name=()"r" s3tsw=1.0ns s3rlo=110 s3rhi=100  s4name=()"f" s4tsw=1.0ns s4rlo=110 s4rhi=100  s5name={}"z" s5tsw=1.0ns s5rlo=200k s5rhi=200k  )"
    Null string expression
LTspice 24.0.12 for Windows
Circuit: * C:\users\iwolfs\Favorites\schematics\full_bridge_driver.asc
Start Time: Sat Apr 26 13:21:35 2025
Fatal Error: Unknown subcircuit called in:
   x:u1:u1:dpwr:1 0«::0:agnd» u1:u1:dpwr:dpwr0 u1:u1:dpwr:dgnd0 u1:u1:dpwr:dig_fpwr  voltage= 5  reference= 0 
